<?xml version="1.0" encoding="UTF-8"?>
<testsuite xmlns:xsi="http://www.w3.org/2001/XMLSchema-instance" xsi:noNamespaceSchemaLocation="https://maven.apache.org/surefire/maven-surefire-plugin/xsd/surefire-test-report-3.0.xsd" version="3.0" name="com.expense.ExpenseServiceTest" time="0.089" tests="4" errors="0" skipped="0" failures="0">
  <properties>
[...]
</properties>
  <testcase name="validExpenseTest" classname="com.expense.ExpenseServiceTest" time="0.042"/>
  <testcase name="emptyTotalTest" classname="com.expense.ExpenseServiceTest" time="0.004"/>
  <testcase name="invalidExpenseTest" classname="com.expense.ExpenseServiceTest" time="0.003"/>
  <testcase name="totalCalculationTest" classname="com.expense.ExpenseServiceTest" time="0.001"/>
</testsuite>